2015-11-04 09:51:22.6872|ERROR|WebApi|Microsoft.OData.Core.ODataException: The property 'Id[Nullable=False]' of type 'Edm.String' has a null value, which is not allowed.
   at Microsoft.OData.Core.WriterValidationUtils.ValidateNullPropertyValue(IEdmTypeReference expectedPropertyTypeReference, String propertyName, ODataWriterBehavior writerBehavior, IEdmModel model, Boolean bypassValidation)
   at Microsoft.OData.Core.JsonLight.ODataJsonLightPropertySerializer.WriteProperty(ODataProperty property, IEdmStructuredType owningType, Boolean isTopLevel, Boolean allowStreamProperty, DuplicatePropertyNamesChecker duplicatePropertyNamesChecker, ProjectedPropertiesAnnotation projectedProperties)
   at Microsoft.OData.Core.JsonLight.ODataJsonLightPropertySerializer.WriteProperties(IEdmStructuredType owningType, IEnumerable`1 properties, Boolean isComplexValue, DuplicatePropertyNamesChecker duplicatePropertyNamesChecker, ProjectedPropertiesAnnotation projectedProperties)
   at Microsoft.OData.Core.JsonLight.ODataJsonLightWriter.StartEntry(ODataEntry entry)
   at Microsoft.OData.Core.ODataWriterCore.InterceptException(Action action)
   at Microsoft.OData.Core.ODataWriterCore.WriteStartEntryImplementation(ODataEntry entry)
   at System.Web.OData.Formatter.Serialization.ODataEntityTypeSerializer.WriteEntry(Object graph, ODataWriter writer, ODataSerializerContext writeContext)
   at System.Web.OData.Formatter.Serialization.ODataFeedSerializer.WriteFeed(IEnumerable enumerable, IEdmTypeReference feedType, ODataWriter writer, ODataSerializerContext writeContext)
   at System.Web.OData.Formatter.ODataMediaTypeFormatter.WriteToStream(Type type, Object value, Stream writeStream, HttpContent content, HttpContentHeaders contentHeaders)
   at System.Web.OData.Formatter.ODataMediaTypeFormatter.WriteToStreamAsync(Type type, Object value, Stream writeStream, HttpContent content, TransportContext transportContext, CancellationToken cancellationToken)
--- End of stack trace from previous location where exception was thrown ---
   at System.Runtime.CompilerServices.TaskAwaiter.ThrowForNonSuccess(Task task)
   at System.Runtime.CompilerServices.TaskAwaiter.HandleNonSuccessAndDebuggerNotification(Task task)
   at System.Web.Http.WebHost.HttpControllerHandler.<WriteBufferedResponseContentAsync>d__1b.MoveNext()
2015-11-04 09:51:22.6872|ERROR|WebApi|Microsoft.OData.Core.ODataException: The property 'Id[Nullable=False]' of type 'Edm.String' has a null value, which is not allowed.
   at Microsoft.OData.Core.WriterValidationUtils.ValidateNullPropertyValue(IEdmTypeReference expectedPropertyTypeReference, String propertyName, ODataWriterBehavior writerBehavior, IEdmModel model, Boolean bypassValidation)
   at Microsoft.OData.Core.JsonLight.ODataJsonLightPropertySerializer.WriteProperty(ODataProperty property, IEdmStructuredType owningType, Boolean isTopLevel, Boolean allowStreamProperty, DuplicatePropertyNamesChecker duplicatePropertyNamesChecker, ProjectedPropertiesAnnotation projectedProperties)
   at Microsoft.OData.Core.JsonLight.ODataJsonLightPropertySerializer.WriteProperties(IEdmStructuredType owningType, IEnumerable`1 properties, Boolean isComplexValue, DuplicatePropertyNamesChecker duplicatePropertyNamesChecker, ProjectedPropertiesAnnotation projectedProperties)
   at Microsoft.OData.Core.JsonLight.ODataJsonLightWriter.StartEntry(ODataEntry entry)
   at Microsoft.OData.Core.ODataWriterCore.InterceptException(Action action)
   at Microsoft.OData.Core.ODataWriterCore.WriteStartEntryImplementation(ODataEntry entry)
   at System.Web.OData.Formatter.Serialization.ODataEntityTypeSerializer.WriteEntry(Object graph, ODataWriter writer, ODataSerializerContext writeContext)
   at System.Web.OData.Formatter.Serialization.ODataFeedSerializer.WriteFeed(IEnumerable enumerable, IEdmTypeReference feedType, ODataWriter writer, ODataSerializerContext writeContext)
   at System.Web.OData.Formatter.ODataMediaTypeFormatter.WriteToStream(Type type, Object value, Stream writeStream, HttpContent content, HttpContentHeaders contentHeaders)
   at System.Web.OData.Formatter.ODataMediaTypeFormatter.WriteToStreamAsync(Type type, Object value, Stream writeStream, HttpContent content, TransportContext transportContext, CancellationToken cancellationToken)
--- End of stack trace from previous location where exception was thrown ---
   at System.Runtime.CompilerServices.TaskAwaiter.ThrowForNonSuccess(Task task)
   at System.Runtime.CompilerServices.TaskAwaiter.HandleNonSuccessAndDebuggerNotification(Task task)
   at System.Web.Http.WebHost.HttpControllerHandler.<WriteBufferedResponseContentAsync>d__1b.MoveNext()
2015-11-04 17:02:05.6242|ERROR|WebApi|Microsoft.OData.Core.ODataException: The property 'ServiceFee[Nullable=False]' of type 'Luxena.Travel.Domain.Money' has a null value, which is not allowed.
   at Microsoft.OData.Core.WriterValidationUtils.ValidateNullPropertyValue(IEdmTypeReference expectedPropertyTypeReference, String propertyName, ODataWriterBehavior writerBehavior, IEdmModel model, Boolean bypassValidation)
   at Microsoft.OData.Core.JsonLight.ODataJsonLightPropertySerializer.WriteProperty(ODataProperty property, IEdmStructuredType owningType, Boolean isTopLevel, Boolean allowStreamProperty, DuplicatePropertyNamesChecker duplicatePropertyNamesChecker, ProjectedPropertiesAnnotation projectedProperties)
   at Microsoft.OData.Core.JsonLight.ODataJsonLightPropertySerializer.WriteProperties(IEdmStructuredType owningType, IEnumerable`1 properties, Boolean isComplexValue, DuplicatePropertyNamesChecker duplicatePropertyNamesChecker, ProjectedPropertiesAnnotation projectedProperties)
   at Microsoft.OData.Core.JsonLight.ODataJsonLightWriter.StartEntry(ODataEntry entry)
   at Microsoft.OData.Core.ODataWriterCore.InterceptException(Action action)
   at Microsoft.OData.Core.ODataWriterCore.WriteStartEntryImplementation(ODataEntry entry)
   at System.Web.OData.Formatter.Serialization.ODataEntityTypeSerializer.WriteEntry(Object graph, ODataWriter writer, ODataSerializerContext writeContext)
   at System.Web.OData.Formatter.Serialization.ODataFeedSerializer.WriteFeed(IEnumerable enumerable, IEdmTypeReference feedType, ODataWriter writer, ODataSerializerContext writeContext)
   at System.Web.OData.Formatter.ODataMediaTypeFormatter.WriteToStream(Type type, Object value, Stream writeStream, HttpContent content, HttpContentHeaders contentHeaders)
   at System.Web.OData.Formatter.ODataMediaTypeFormatter.WriteToStreamAsync(Type type, Object value, Stream writeStream, HttpContent content, TransportContext transportContext, CancellationToken cancellationToken)
--- End of stack trace from previous location where exception was thrown ---
   at System.Runtime.CompilerServices.TaskAwaiter.ThrowForNonSuccess(Task task)
   at System.Runtime.CompilerServices.TaskAwaiter.HandleNonSuccessAndDebuggerNotification(Task task)
   at System.Web.Http.WebHost.HttpControllerHandler.<WriteBufferedResponseContentAsync>d__1b.MoveNext()
2015-11-04 17:03:01.1277|ERROR|WebApi|Microsoft.OData.Core.ODataException: The property 'ServiceFee[Nullable=False]' of type 'Luxena.Travel.Domain.Money' has a null value, which is not allowed.
   at Microsoft.OData.Core.WriterValidationUtils.ValidateNullPropertyValue(IEdmTypeReference expectedPropertyTypeReference, String propertyName, ODataWriterBehavior writerBehavior, IEdmModel model, Boolean bypassValidation)
   at Microsoft.OData.Core.JsonLight.ODataJsonLightPropertySerializer.WriteProperty(ODataProperty property, IEdmStructuredType owningType, Boolean isTopLevel, Boolean allowStreamProperty, DuplicatePropertyNamesChecker duplicatePropertyNamesChecker, ProjectedPropertiesAnnotation projectedProperties)
   at Microsoft.OData.Core.JsonLight.ODataJsonLightPropertySerializer.WriteProperties(IEdmStructuredType owningType, IEnumerable`1 properties, Boolean isComplexValue, DuplicatePropertyNamesChecker duplicatePropertyNamesChecker, ProjectedPropertiesAnnotation projectedProperties)
   at Microsoft.OData.Core.JsonLight.ODataJsonLightWriter.StartEntry(ODataEntry entry)
   at Microsoft.OData.Core.ODataWriterCore.InterceptException(Action action)
   at Microsoft.OData.Core.ODataWriterCore.WriteStartEntryImplementation(ODataEntry entry)
   at System.Web.OData.Formatter.Serialization.ODataEntityTypeSerializer.WriteEntry(Object graph, ODataWriter writer, ODataSerializerContext writeContext)
   at System.Web.OData.Formatter.Serialization.ODataFeedSerializer.WriteFeed(IEnumerable enumerable, IEdmTypeReference feedType, ODataWriter writer, ODataSerializerContext writeContext)
   at System.Web.OData.Formatter.ODataMediaTypeFormatter.WriteToStream(Type type, Object value, Stream writeStream, HttpContent content, HttpContentHeaders contentHeaders)
   at System.Web.OData.Formatter.ODataMediaTypeFormatter.WriteToStreamAsync(Type type, Object value, Stream writeStream, HttpContent content, TransportContext transportContext, CancellationToken cancellationToken)
--- End of stack trace from previous location where exception was thrown ---
   at System.Runtime.CompilerServices.TaskAwaiter.ThrowForNonSuccess(Task task)
   at System.Runtime.CompilerServices.TaskAwaiter.HandleNonSuccessAndDebuggerNotification(Task task)
   at System.Web.Http.WebHost.HttpControllerHandler.<WriteBufferedResponseContentAsync>d__1b.MoveNext()
2015-11-04 17:09:54.7801|ERROR|WebApi|Microsoft.OData.Core.ODataException: The property 'ServiceFee[Nullable=False]' of type 'Luxena.Travel.Domain.Money' has a null value, which is not allowed.
   at Microsoft.OData.Core.WriterValidationUtils.ValidateNullPropertyValue(IEdmTypeReference expectedPropertyTypeReference, String propertyName, ODataWriterBehavior writerBehavior, IEdmModel model, Boolean bypassValidation)
   at Microsoft.OData.Core.JsonLight.ODataJsonLightPropertySerializer.WriteProperty(ODataProperty property, IEdmStructuredType owningType, Boolean isTopLevel, Boolean allowStreamProperty, DuplicatePropertyNamesChecker duplicatePropertyNamesChecker, ProjectedPropertiesAnnotation projectedProperties)
   at Microsoft.OData.Core.JsonLight.ODataJsonLightPropertySerializer.WriteProperties(IEdmStructuredType owningType, IEnumerable`1 properties, Boolean isComplexValue, DuplicatePropertyNamesChecker duplicatePropertyNamesChecker, ProjectedPropertiesAnnotation projectedProperties)
   at Microsoft.OData.Core.JsonLight.ODataJsonLightWriter.StartEntry(ODataEntry entry)
   at Microsoft.OData.Core.ODataWriterCore.InterceptException(Action action)
   at Microsoft.OData.Core.ODataWriterCore.WriteStartEntryImplementation(ODataEntry entry)
   at System.Web.OData.Formatter.Serialization.ODataEntityTypeSerializer.WriteEntry(Object graph, ODataWriter writer, ODataSerializerContext writeContext)
   at System.Web.OData.Formatter.Serialization.ODataFeedSerializer.WriteFeed(IEnumerable enumerable, IEdmTypeReference feedType, ODataWriter writer, ODataSerializerContext writeContext)
   at System.Web.OData.Formatter.ODataMediaTypeFormatter.WriteToStream(Type type, Object value, Stream writeStream, HttpContent content, HttpContentHeaders contentHeaders)
   at System.Web.OData.Formatter.ODataMediaTypeFormatter.WriteToStreamAsync(Type type, Object value, Stream writeStream, HttpContent content, TransportContext transportContext, CancellationToken cancellationToken)
--- End of stack trace from previous location where exception was thrown ---
   at System.Runtime.CompilerServices.TaskAwaiter.ThrowForNonSuccess(Task task)
   at System.Runtime.CompilerServices.TaskAwaiter.HandleNonSuccessAndDebuggerNotification(Task task)
   at System.Web.Http.WebHost.HttpControllerHandler.<WriteBufferedResponseContentAsync>d__1b.MoveNext()
2015-11-04 17:13:59.0545|ERROR|WebApi|Microsoft.OData.Core.ODataException: The property 'ServiceFee[Nullable=False]' of type 'Luxena.Travel.Domain.Money' has a null value, which is not allowed.
   at Microsoft.OData.Core.WriterValidationUtils.ValidateNullPropertyValue(IEdmTypeReference expectedPropertyTypeReference, String propertyName, ODataWriterBehavior writerBehavior, IEdmModel model, Boolean bypassValidation)
   at Microsoft.OData.Core.JsonLight.ODataJsonLightPropertySerializer.WriteProperty(ODataProperty property, IEdmStructuredType owningType, Boolean isTopLevel, Boolean allowStreamProperty, DuplicatePropertyNamesChecker duplicatePropertyNamesChecker, ProjectedPropertiesAnnotation projectedProperties)
   at Microsoft.OData.Core.JsonLight.ODataJsonLightPropertySerializer.WriteProperties(IEdmStructuredType owningType, IEnumerable`1 properties, Boolean isComplexValue, DuplicatePropertyNamesChecker duplicatePropertyNamesChecker, ProjectedPropertiesAnnotation projectedProperties)
   at Microsoft.OData.Core.JsonLight.ODataJsonLightWriter.StartEntry(ODataEntry entry)
   at Microsoft.OData.Core.ODataWriterCore.InterceptException(Action action)
   at Microsoft.OData.Core.ODataWriterCore.WriteStartEntryImplementation(ODataEntry entry)
   at System.Web.OData.Formatter.Serialization.ODataEntityTypeSerializer.WriteEntry(Object graph, ODataWriter writer, ODataSerializerContext writeContext)
   at System.Web.OData.Formatter.Serialization.ODataFeedSerializer.WriteFeed(IEnumerable enumerable, IEdmTypeReference feedType, ODataWriter writer, ODataSerializerContext writeContext)
   at System.Web.OData.Formatter.ODataMediaTypeFormatter.WriteToStream(Type type, Object value, Stream writeStream, HttpContent content, HttpContentHeaders contentHeaders)
   at System.Web.OData.Formatter.ODataMediaTypeFormatter.WriteToStreamAsync(Type type, Object value, Stream writeStream, HttpContent content, TransportContext transportContext, CancellationToken cancellationToken)
--- End of stack trace from previous location where exception was thrown ---
   at System.Runtime.CompilerServices.TaskAwaiter.ThrowForNonSuccess(Task task)
   at System.Runtime.CompilerServices.TaskAwaiter.HandleNonSuccessAndDebuggerNotification(Task task)
   at System.Web.Http.WebHost.HttpControllerHandler.<WriteBufferedResponseContentAsync>d__1b.MoveNext()
2015-11-04 17:14:53.0433|ERROR|WebApi|Microsoft.OData.Core.ODataException: The property 'ServiceFee[Nullable=False]' of type 'Luxena.Travel.Domain.Money' has a null value, which is not allowed.
   at Microsoft.OData.Core.WriterValidationUtils.ValidateNullPropertyValue(IEdmTypeReference expectedPropertyTypeReference, String propertyName, ODataWriterBehavior writerBehavior, IEdmModel model, Boolean bypassValidation)
   at Microsoft.OData.Core.JsonLight.ODataJsonLightPropertySerializer.WriteProperty(ODataProperty property, IEdmStructuredType owningType, Boolean isTopLevel, Boolean allowStreamProperty, DuplicatePropertyNamesChecker duplicatePropertyNamesChecker, ProjectedPropertiesAnnotation projectedProperties)
   at Microsoft.OData.Core.JsonLight.ODataJsonLightPropertySerializer.WriteProperties(IEdmStructuredType owningType, IEnumerable`1 properties, Boolean isComplexValue, DuplicatePropertyNamesChecker duplicatePropertyNamesChecker, ProjectedPropertiesAnnotation projectedProperties)
   at Microsoft.OData.Core.JsonLight.ODataJsonLightWriter.StartEntry(ODataEntry entry)
   at Microsoft.OData.Core.ODataWriterCore.InterceptException(Action action)
   at Microsoft.OData.Core.ODataWriterCore.WriteStartEntryImplementation(ODataEntry entry)
   at System.Web.OData.Formatter.Serialization.ODataEntityTypeSerializer.WriteEntry(Object graph, ODataWriter writer, ODataSerializerContext writeContext)
   at System.Web.OData.Formatter.Serialization.ODataFeedSerializer.WriteFeed(IEnumerable enumerable, IEdmTypeReference feedType, ODataWriter writer, ODataSerializerContext writeContext)
   at System.Web.OData.Formatter.ODataMediaTypeFormatter.WriteToStream(Type type, Object value, Stream writeStream, HttpContent content, HttpContentHeaders contentHeaders)
   at System.Web.OData.Formatter.ODataMediaTypeFormatter.WriteToStreamAsync(Type type, Object value, Stream writeStream, HttpContent content, TransportContext transportContext, CancellationToken cancellationToken)
--- End of stack trace from previous location where exception was thrown ---
   at System.Runtime.CompilerServices.TaskAwaiter.ThrowForNonSuccess(Task task)
   at System.Runtime.CompilerServices.TaskAwaiter.HandleNonSuccessAndDebuggerNotification(Task task)
   at System.Web.Http.WebHost.HttpControllerHandler.<WriteBufferedResponseContentAsync>d__1b.MoveNext()
2015-11-04 17:16:09.7794|ERROR|WebApi|Microsoft.OData.Core.ODataException: The property 'ServiceFee[Nullable=False]' of type 'Luxena.Travel.Domain.Money' has a null value, which is not allowed.
   at Microsoft.OData.Core.WriterValidationUtils.ValidateNullPropertyValue(IEdmTypeReference expectedPropertyTypeReference, String propertyName, ODataWriterBehavior writerBehavior, IEdmModel model, Boolean bypassValidation)
   at Microsoft.OData.Core.JsonLight.ODataJsonLightPropertySerializer.WriteProperty(ODataProperty property, IEdmStructuredType owningType, Boolean isTopLevel, Boolean allowStreamProperty, DuplicatePropertyNamesChecker duplicatePropertyNamesChecker, ProjectedPropertiesAnnotation projectedProperties)
   at Microsoft.OData.Core.JsonLight.ODataJsonLightPropertySerializer.WriteProperties(IEdmStructuredType owningType, IEnumerable`1 properties, Boolean isComplexValue, DuplicatePropertyNamesChecker duplicatePropertyNamesChecker, ProjectedPropertiesAnnotation projectedProperties)
   at Microsoft.OData.Core.JsonLight.ODataJsonLightWriter.StartEntry(ODataEntry entry)
   at Microsoft.OData.Core.ODataWriterCore.InterceptException(Action action)
   at Microsoft.OData.Core.ODataWriterCore.WriteStartEntryImplementation(ODataEntry entry)
   at System.Web.OData.Formatter.Serialization.ODataEntityTypeSerializer.WriteEntry(Object graph, ODataWriter writer, ODataSerializerContext writeContext)
   at System.Web.OData.Formatter.Serialization.ODataFeedSerializer.WriteFeed(IEnumerable enumerable, IEdmTypeReference feedType, ODataWriter writer, ODataSerializerContext writeContext)
   at System.Web.OData.Formatter.ODataMediaTypeFormatter.WriteToStream(Type type, Object value, Stream writeStream, HttpContent content, HttpContentHeaders contentHeaders)
   at System.Web.OData.Formatter.ODataMediaTypeFormatter.WriteToStreamAsync(Type type, Object value, Stream writeStream, HttpContent content, TransportContext transportContext, CancellationToken cancellationToken)
--- End of stack trace from previous location where exception was thrown ---
   at System.Runtime.CompilerServices.TaskAwaiter.ThrowForNonSuccess(Task task)
   at System.Runtime.CompilerServices.TaskAwaiter.HandleNonSuccessAndDebuggerNotification(Task task)
   at System.Web.Http.WebHost.HttpControllerHandler.<WriteBufferedResponseContentAsync>d__1b.MoveNext()
2015-11-04 17:16:40.0382|ERROR|WebApi|Microsoft.OData.Core.ODataException: The property 'ServiceFee[Nullable=False]' of type 'Luxena.Travel.Domain.Money' has a null value, which is not allowed.
   at Microsoft.OData.Core.WriterValidationUtils.ValidateNullPropertyValue(IEdmTypeReference expectedPropertyTypeReference, String propertyName, ODataWriterBehavior writerBehavior, IEdmModel model, Boolean bypassValidation)
   at Microsoft.OData.Core.JsonLight.ODataJsonLightPropertySerializer.WriteProperty(ODataProperty property, IEdmStructuredType owningType, Boolean isTopLevel, Boolean allowStreamProperty, DuplicatePropertyNamesChecker duplicatePropertyNamesChecker, ProjectedPropertiesAnnotation projectedProperties)
   at Microsoft.OData.Core.JsonLight.ODataJsonLightPropertySerializer.WriteProperties(IEdmStructuredType owningType, IEnumerable`1 properties, Boolean isComplexValue, DuplicatePropertyNamesChecker duplicatePropertyNamesChecker, ProjectedPropertiesAnnotation projectedProperties)
   at Microsoft.OData.Core.JsonLight.ODataJsonLightWriter.StartEntry(ODataEntry entry)
   at Microsoft.OData.Core.ODataWriterCore.InterceptException(Action action)
   at Microsoft.OData.Core.ODataWriterCore.WriteStartEntryImplementation(ODataEntry entry)
   at System.Web.OData.Formatter.Serialization.ODataEntityTypeSerializer.WriteEntry(Object graph, ODataWriter writer, ODataSerializerContext writeContext)
   at System.Web.OData.Formatter.Serialization.ODataFeedSerializer.WriteFeed(IEnumerable enumerable, IEdmTypeReference feedType, ODataWriter writer, ODataSerializerContext writeContext)
   at System.Web.OData.Formatter.ODataMediaTypeFormatter.WriteToStream(Type type, Object value, Stream writeStream, HttpContent content, HttpContentHeaders contentHeaders)
   at System.Web.OData.Formatter.ODataMediaTypeFormatter.WriteToStreamAsync(Type type, Object value, Stream writeStream, HttpContent content, TransportContext transportContext, CancellationToken cancellationToken)
--- End of stack trace from previous location where exception was thrown ---
   at System.Runtime.CompilerServices.TaskAwaiter.ThrowForNonSuccess(Task task)
   at System.Runtime.CompilerServices.TaskAwaiter.HandleNonSuccessAndDebuggerNotification(Task task)
   at System.Web.Http.WebHost.HttpControllerHandler.<WriteBufferedResponseContentAsync>d__1b.MoveNext()
2015-11-04 17:18:00.6228|ERROR|WebApi|Microsoft.OData.Core.ODataException: The property 'ServiceFee[Nullable=False]' of type 'Luxena.Travel.Domain.Money' has a null value, which is not allowed.
   at Microsoft.OData.Core.WriterValidationUtils.ValidateNullPropertyValue(IEdmTypeReference expectedPropertyTypeReference, String propertyName, ODataWriterBehavior writerBehavior, IEdmModel model, Boolean bypassValidation)
   at Microsoft.OData.Core.JsonLight.ODataJsonLightPropertySerializer.WriteProperty(ODataProperty property, IEdmStructuredType owningType, Boolean isTopLevel, Boolean allowStreamProperty, DuplicatePropertyNamesChecker duplicatePropertyNamesChecker, ProjectedPropertiesAnnotation projectedProperties)
   at Microsoft.OData.Core.JsonLight.ODataJsonLightPropertySerializer.WriteProperties(IEdmStructuredType owningType, IEnumerable`1 properties, Boolean isComplexValue, DuplicatePropertyNamesChecker duplicatePropertyNamesChecker, ProjectedPropertiesAnnotation projectedProperties)
   at Microsoft.OData.Core.JsonLight.ODataJsonLightWriter.StartEntry(ODataEntry entry)
   at Microsoft.OData.Core.ODataWriterCore.InterceptException(Action action)
   at Microsoft.OData.Core.ODataWriterCore.WriteStartEntryImplementation(ODataEntry entry)
   at System.Web.OData.Formatter.Serialization.ODataEntityTypeSerializer.WriteEntry(Object graph, ODataWriter writer, ODataSerializerContext writeContext)
   at System.Web.OData.Formatter.Serialization.ODataFeedSerializer.WriteFeed(IEnumerable enumerable, IEdmTypeReference feedType, ODataWriter writer, ODataSerializerContext writeContext)
   at System.Web.OData.Formatter.ODataMediaTypeFormatter.WriteToStream(Type type, Object value, Stream writeStream, HttpContent content, HttpContentHeaders contentHeaders)
   at System.Web.OData.Formatter.ODataMediaTypeFormatter.WriteToStreamAsync(Type type, Object value, Stream writeStream, HttpContent content, TransportContext transportContext, CancellationToken cancellationToken)
--- End of stack trace from previous location where exception was thrown ---
   at System.Runtime.CompilerServices.TaskAwaiter.ThrowForNonSuccess(Task task)
   at System.Runtime.CompilerServices.TaskAwaiter.HandleNonSuccessAndDebuggerNotification(Task task)
   at System.Web.Http.WebHost.HttpControllerHandler.<WriteBufferedResponseContentAsync>d__1b.MoveNext()
2015-11-04 17:18:21.1436|ERROR|WebApi|Microsoft.OData.Core.ODataException: The property 'ServiceFee[Nullable=False]' of type 'Luxena.Travel.Domain.Money' has a null value, which is not allowed.
   at Microsoft.OData.Core.WriterValidationUtils.ValidateNullPropertyValue(IEdmTypeReference expectedPropertyTypeReference, String propertyName, ODataWriterBehavior writerBehavior, IEdmModel model, Boolean bypassValidation)
   at Microsoft.OData.Core.JsonLight.ODataJsonLightPropertySerializer.WriteProperty(ODataProperty property, IEdmStructuredType owningType, Boolean isTopLevel, Boolean allowStreamProperty, DuplicatePropertyNamesChecker duplicatePropertyNamesChecker, ProjectedPropertiesAnnotation projectedProperties)
   at Microsoft.OData.Core.JsonLight.ODataJsonLightPropertySerializer.WriteProperties(IEdmStructuredType owningType, IEnumerable`1 properties, Boolean isComplexValue, DuplicatePropertyNamesChecker duplicatePropertyNamesChecker, ProjectedPropertiesAnnotation projectedProperties)
   at Microsoft.OData.Core.JsonLight.ODataJsonLightWriter.StartEntry(ODataEntry entry)
   at Microsoft.OData.Core.ODataWriterCore.InterceptException(Action action)
   at Microsoft.OData.Core.ODataWriterCore.WriteStartEntryImplementation(ODataEntry entry)
   at System.Web.OData.Formatter.Serialization.ODataEntityTypeSerializer.WriteEntry(Object graph, ODataWriter writer, ODataSerializerContext writeContext)
   at System.Web.OData.Formatter.Serialization.ODataFeedSerializer.WriteFeed(IEnumerable enumerable, IEdmTypeReference feedType, ODataWriter writer, ODataSerializerContext writeContext)
   at System.Web.OData.Formatter.ODataMediaTypeFormatter.WriteToStream(Type type, Object value, Stream writeStream, HttpContent content, HttpContentHeaders contentHeaders)
   at System.Web.OData.Formatter.ODataMediaTypeFormatter.WriteToStreamAsync(Type type, Object value, Stream writeStream, HttpContent content, TransportContext transportContext, CancellationToken cancellationToken)
--- End of stack trace from previous location where exception was thrown ---
   at System.Runtime.CompilerServices.TaskAwaiter.ThrowForNonSuccess(Task task)
   at System.Runtime.CompilerServices.TaskAwaiter.HandleNonSuccessAndDebuggerNotification(Task task)
   at System.Web.Http.WebHost.HttpControllerHandler.<WriteBufferedResponseContentAsync>d__1b.MoveNext()
