2015-10-28 08:56:57.2067|ERROR|WebApi|System.ArgumentNullException: Value cannot be null.
Parameter name: value
   at System.Data.Entity.Utilities.Check.NotNull[T](T value, String parameterName)
   at System.Data.Entity.Core.Objects.ObjectParameter..ctor(String name, Object value)
   at Luxena.Travel.Domain.OrderBalanceReportQuery.Get() in D:\data\git\Luxena.Travel\src.15\Domain\Entities\Analysis\OrderBalanceReport.cs:line 55
   at Luxena.Domain.Web.DbQueryODataController`4.Get(ODataQueryOptions`1 options) in D:\data\git\Luxena.Travel\src.15\Luxena.Libs.15\Luxena.Domain.Web\OData\DbQueryODataController.cs:line 49
   at lambda_method(Closure , Object , Object[] )
   at System.Web.Http.Controllers.ReflectedHttpActionDescriptor.ActionExecutor.<>c__DisplayClass10.<GetExecutor>b__9(Object instance, Object[] methodParameters)
   at System.Web.Http.Controllers.ReflectedHttpActionDescriptor.ExecuteAsync(HttpControllerContext controllerContext, IDictionary`2 arguments, CancellationToken cancellationToken)
--- End of stack trace from previous location where exception was thrown ---
   at System.Runtime.CompilerServices.TaskAwaiter.ThrowForNonSuccess(Task task)
   at System.Runtime.CompilerServices.TaskAwaiter.HandleNonSuccessAndDebuggerNotification(Task task)
   at System.Web.Http.Controllers.ApiControllerActionInvoker.<InvokeActionAsyncCore>d__0.MoveNext()
--- End of stack trace from previous location where exception was thrown ---
   at System.Runtime.CompilerServices.TaskAwaiter.ThrowForNonSuccess(Task task)
   at System.Runtime.CompilerServices.TaskAwaiter.HandleNonSuccessAndDebuggerNotification(Task task)
   at System.Web.Http.Controllers.ActionFilterResult.<ExecuteAsync>d__2.MoveNext()
--- End of stack trace from previous location where exception was thrown ---
   at System.Runtime.CompilerServices.TaskAwaiter.ThrowForNonSuccess(Task task)
   at System.Runtime.CompilerServices.TaskAwaiter.HandleNonSuccessAndDebuggerNotification(Task task)
   at System.Web.Http.Dispatcher.HttpControllerDispatcher.<SendAsync>d__1.MoveNext()
2015-10-28 08:57:16.8532|ERROR|WebApi|System.ArgumentNullException: Value cannot be null.
Parameter name: value
   at System.Data.Entity.Utilities.Check.NotNull[T](T value, String parameterName)
   at System.Data.Entity.Core.Objects.ObjectParameter..ctor(String name, Object value)
   at Luxena.Travel.Domain.OrderBalanceReportQuery.Get() in D:\data\git\Luxena.Travel\src.15\Domain\Entities\Analysis\OrderBalanceReport.cs:line 55
   at Luxena.Domain.Web.DbQueryODataController`4.Get(ODataQueryOptions`1 options) in D:\data\git\Luxena.Travel\src.15\Luxena.Libs.15\Luxena.Domain.Web\OData\DbQueryODataController.cs:line 49
   at lambda_method(Closure , Object , Object[] )
   at System.Web.Http.Controllers.ReflectedHttpActionDescriptor.ActionExecutor.<>c__DisplayClass10.<GetExecutor>b__9(Object instance, Object[] methodParameters)
   at System.Web.Http.Controllers.ReflectedHttpActionDescriptor.ExecuteAsync(HttpControllerContext controllerContext, IDictionary`2 arguments, CancellationToken cancellationToken)
--- End of stack trace from previous location where exception was thrown ---
   at System.Runtime.CompilerServices.TaskAwaiter.ThrowForNonSuccess(Task task)
   at System.Runtime.CompilerServices.TaskAwaiter.HandleNonSuccessAndDebuggerNotification(Task task)
   at System.Web.Http.Controllers.ApiControllerActionInvoker.<InvokeActionAsyncCore>d__0.MoveNext()
--- End of stack trace from previous location where exception was thrown ---
   at System.Runtime.CompilerServices.TaskAwaiter.ThrowForNonSuccess(Task task)
   at System.Runtime.CompilerServices.TaskAwaiter.HandleNonSuccessAndDebuggerNotification(Task task)
   at System.Web.Http.Controllers.ActionFilterResult.<ExecuteAsync>d__2.MoveNext()
--- End of stack trace from previous location where exception was thrown ---
   at System.Runtime.CompilerServices.TaskAwaiter.ThrowForNonSuccess(Task task)
   at System.Runtime.CompilerServices.TaskAwaiter.HandleNonSuccessAndDebuggerNotification(Task task)
   at System.Web.Http.Dispatcher.HttpControllerDispatcher.<SendAsync>d__1.MoveNext()
2015-10-28 09:08:29.0878|ERROR|WebApi|System.InvalidCastException: Can't cast System.Data.Entity.Core.Objects.ObjectParameter into any valid DbType.
   at Npgsql.NpgsqlParameter.set_Value(Object value)
   at System.Data.Entity.Core.Objects.ObjectContext.CreateStoreCommand(String commandText, Object[] parameters)
   at System.Data.Entity.Core.Objects.ObjectContext.ExecuteStoreQueryInternal[TElement](String commandText, String entitySetName, ExecutionOptions executionOptions, Object[] parameters)
   at System.Data.Entity.Core.Objects.ObjectContext.<>c__DisplayClass65`1.<ExecuteStoreQueryReliably>b__64()
   at System.Data.Entity.Core.Objects.ObjectContext.ExecuteInTransaction[T](Func`1 func, IDbExecutionStrategy executionStrategy, Boolean startLocalTransaction, Boolean releaseConnectionOnSuccess)
   at System.Data.Entity.Core.Objects.ObjectContext.<>c__DisplayClass65`1.<ExecuteStoreQueryReliably>b__63()
   at System.Data.Entity.Core.Objects.ObjectContext.ExecuteStoreQueryReliably[TElement](String commandText, String entitySetName, ExecutionOptions executionOptions, Object[] parameters)
   at System.Data.Entity.Core.Objects.ObjectContext.ExecuteStoreQuery[TElement](String commandText, ExecutionOptions executionOptions, Object[] parameters)
   at System.Data.Entity.Internal.LazyEnumerator`1.MoveNext()
   at System.Linq.Enumerable.WhereSelectEnumerableIterator`2.MoveNext()
   at System.Linq.Buffer`1..ctor(IEnumerable`1 source)
   at System.Linq.OrderedEnumerable`1.<GetEnumerator>d__1.MoveNext()
   at System.Collections.Generic.List`1..ctor(IEnumerable`1 collection)
   at System.Linq.Enumerable.ToList[TSource](IEnumerable`1 source)
   at Luxena.Travel.Domain.OrderBalanceReportQuery.Get() in D:\data\git\Luxena.Travel\src.15\Domain\Entities\Analysis\OrderBalanceReport.cs:line 56
   at Luxena.Domain.Web.DbQueryODataController`4.Get(ODataQueryOptions`1 options) in D:\data\git\Luxena.Travel\src.15\Luxena.Libs.15\Luxena.Domain.Web\OData\DbQueryODataController.cs:line 49
   at lambda_method(Closure , Object , Object[] )
   at System.Web.Http.Controllers.ReflectedHttpActionDescriptor.ActionExecutor.<>c__DisplayClass10.<GetExecutor>b__9(Object instance, Object[] methodParameters)
   at System.Web.Http.Controllers.ReflectedHttpActionDescriptor.ExecuteAsync(HttpControllerContext controllerContext, IDictionary`2 arguments, CancellationToken cancellationToken)
--- End of stack trace from previous location where exception was thrown ---
   at System.Runtime.CompilerServices.TaskAwaiter.ThrowForNonSuccess(Task task)
   at System.Runtime.CompilerServices.TaskAwaiter.HandleNonSuccessAndDebuggerNotification(Task task)
   at System.Web.Http.Controllers.ApiControllerActionInvoker.<InvokeActionAsyncCore>d__0.MoveNext()
--- End of stack trace from previous location where exception was thrown ---
   at System.Runtime.CompilerServices.TaskAwaiter.ThrowForNonSuccess(Task task)
   at System.Runtime.CompilerServices.TaskAwaiter.HandleNonSuccessAndDebuggerNotification(Task task)
   at System.Web.Http.Controllers.ActionFilterResult.<ExecuteAsync>d__2.MoveNext()
--- End of stack trace from previous location where exception was thrown ---
   at System.Runtime.CompilerServices.TaskAwaiter.ThrowForNonSuccess(Task task)
   at System.Runtime.CompilerServices.TaskAwaiter.HandleNonSuccessAndDebuggerNotification(Task task)
   at System.Web.Http.Dispatcher.HttpControllerDispatcher.<SendAsync>d__1.MoveNext()
2015-10-28 09:09:23.3805|ERROR|WebApi|System.InvalidCastException: Can't cast System.Data.Entity.Core.Objects.ObjectParameter into any valid DbType.
   at Npgsql.NpgsqlParameter.set_Value(Object value)
   at System.Data.Entity.Core.Objects.ObjectContext.CreateStoreCommand(String commandText, Object[] parameters)
   at System.Data.Entity.Core.Objects.ObjectContext.ExecuteStoreQueryInternal[TElement](String commandText, String entitySetName, ExecutionOptions executionOptions, Object[] parameters)
   at System.Data.Entity.Core.Objects.ObjectContext.<>c__DisplayClass65`1.<ExecuteStoreQueryReliably>b__64()
   at System.Data.Entity.Core.Objects.ObjectContext.ExecuteInTransaction[T](Func`1 func, IDbExecutionStrategy executionStrategy, Boolean startLocalTransaction, Boolean releaseConnectionOnSuccess)
   at System.Data.Entity.Core.Objects.ObjectContext.<>c__DisplayClass65`1.<ExecuteStoreQueryReliably>b__63()
   at System.Data.Entity.Core.Objects.ObjectContext.ExecuteStoreQueryReliably[TElement](String commandText, String entitySetName, ExecutionOptions executionOptions, Object[] parameters)
   at System.Data.Entity.Core.Objects.ObjectContext.ExecuteStoreQuery[TElement](String commandText, ExecutionOptions executionOptions, Object[] parameters)
   at System.Data.Entity.Internal.LazyEnumerator`1.MoveNext()
   at System.Linq.Enumerable.WhereSelectEnumerableIterator`2.MoveNext()
   at System.Linq.Buffer`1..ctor(IEnumerable`1 source)
   at System.Linq.OrderedEnumerable`1.<GetEnumerator>d__1.MoveNext()
   at System.Collections.Generic.List`1..ctor(IEnumerable`1 collection)
   at System.Linq.Enumerable.ToList[TSource](IEnumerable`1 source)
   at Luxena.Travel.Domain.OrderBalanceReportQuery.Get() in D:\data\git\Luxena.Travel\src.15\Domain\Entities\Analysis\OrderBalanceReport.cs:line 56
   at Luxena.Domain.Web.DbQueryODataController`4.Get(ODataQueryOptions`1 options) in D:\data\git\Luxena.Travel\src.15\Luxena.Libs.15\Luxena.Domain.Web\OData\DbQueryODataController.cs:line 49
   at lambda_method(Closure , Object , Object[] )
   at System.Web.Http.Controllers.ReflectedHttpActionDescriptor.ActionExecutor.<>c__DisplayClass10.<GetExecutor>b__9(Object instance, Object[] methodParameters)
   at System.Web.Http.Controllers.ReflectedHttpActionDescriptor.ExecuteAsync(HttpControllerContext controllerContext, IDictionary`2 arguments, CancellationToken cancellationToken)
--- End of stack trace from previous location where exception was thrown ---
   at System.Runtime.CompilerServices.TaskAwaiter.ThrowForNonSuccess(Task task)
   at System.Runtime.CompilerServices.TaskAwaiter.HandleNonSuccessAndDebuggerNotification(Task task)
   at System.Web.Http.Controllers.ApiControllerActionInvoker.<InvokeActionAsyncCore>d__0.MoveNext()
--- End of stack trace from previous location where exception was thrown ---
   at System.Runtime.CompilerServices.TaskAwaiter.ThrowForNonSuccess(Task task)
   at System.Runtime.CompilerServices.TaskAwaiter.HandleNonSuccessAndDebuggerNotification(Task task)
   at System.Web.Http.Controllers.ActionFilterResult.<ExecuteAsync>d__2.MoveNext()
--- End of stack trace from previous location where exception was thrown ---
   at System.Runtime.CompilerServices.TaskAwaiter.ThrowForNonSuccess(Task task)
   at System.Runtime.CompilerServices.TaskAwaiter.HandleNonSuccessAndDebuggerNotification(Task task)
   at System.Web.Http.Dispatcher.HttpControllerDispatcher.<SendAsync>d__1.MoveNext()
2015-10-28 09:10:24.0634|ERROR|WebApi|System.InvalidCastException: Can't cast System.Data.Entity.Core.Objects.ObjectParameter into any valid DbType.
   at Npgsql.NpgsqlParameter.set_Value(Object value)
   at System.Data.Entity.Core.Objects.ObjectContext.CreateStoreCommand(String commandText, Object[] parameters)
   at System.Data.Entity.Core.Objects.ObjectContext.ExecuteStoreQueryInternal[TElement](String commandText, String entitySetName, ExecutionOptions executionOptions, Object[] parameters)
   at System.Data.Entity.Core.Objects.ObjectContext.<>c__DisplayClass65`1.<ExecuteStoreQueryReliably>b__64()
   at System.Data.Entity.Core.Objects.ObjectContext.ExecuteInTransaction[T](Func`1 func, IDbExecutionStrategy executionStrategy, Boolean startLocalTransaction, Boolean releaseConnectionOnSuccess)
   at System.Data.Entity.Core.Objects.ObjectContext.<>c__DisplayClass65`1.<ExecuteStoreQueryReliably>b__63()
   at System.Data.Entity.Core.Objects.ObjectContext.ExecuteStoreQueryReliably[TElement](String commandText, String entitySetName, ExecutionOptions executionOptions, Object[] parameters)
   at System.Data.Entity.Core.Objects.ObjectContext.ExecuteStoreQuery[TElement](String commandText, ExecutionOptions executionOptions, Object[] parameters)
   at System.Data.Entity.Internal.LazyEnumerator`1.MoveNext()
   at System.Linq.Enumerable.WhereSelectEnumerableIterator`2.MoveNext()
   at System.Linq.Buffer`1..ctor(IEnumerable`1 source)
   at System.Linq.OrderedEnumerable`1.<GetEnumerator>d__1.MoveNext()
   at System.Collections.Generic.List`1..ctor(IEnumerable`1 collection)
   at System.Linq.Enumerable.ToList[TSource](IEnumerable`1 source)
   at Luxena.Travel.Domain.OrderBalanceReportQuery.Get() in D:\data\git\Luxena.Travel\src.15\Domain\Entities\Analysis\OrderBalanceReport.cs:line 56
   at Luxena.Domain.Web.DbQueryODataController`4.Get(ODataQueryOptions`1 options) in D:\data\git\Luxena.Travel\src.15\Luxena.Libs.15\Luxena.Domain.Web\OData\DbQueryODataController.cs:line 49
   at lambda_method(Closure , Object , Object[] )
   at System.Web.Http.Controllers.ReflectedHttpActionDescriptor.ActionExecutor.<>c__DisplayClass10.<GetExecutor>b__9(Object instance, Object[] methodParameters)
   at System.Web.Http.Controllers.ReflectedHttpActionDescriptor.ExecuteAsync(HttpControllerContext controllerContext, IDictionary`2 arguments, CancellationToken cancellationToken)
--- End of stack trace from previous location where exception was thrown ---
   at System.Runtime.CompilerServices.TaskAwaiter.ThrowForNonSuccess(Task task)
   at System.Runtime.CompilerServices.TaskAwaiter.HandleNonSuccessAndDebuggerNotification(Task task)
   at System.Web.Http.Controllers.ApiControllerActionInvoker.<InvokeActionAsyncCore>d__0.MoveNext()
--- End of stack trace from previous location where exception was thrown ---
   at System.Runtime.CompilerServices.TaskAwaiter.ThrowForNonSuccess(Task task)
   at System.Runtime.CompilerServices.TaskAwaiter.HandleNonSuccessAndDebuggerNotification(Task task)
   at System.Web.Http.Controllers.ActionFilterResult.<ExecuteAsync>d__2.MoveNext()
--- End of stack trace from previous location where exception was thrown ---
   at System.Runtime.CompilerServices.TaskAwaiter.ThrowForNonSuccess(Task task)
   at System.Runtime.CompilerServices.TaskAwaiter.HandleNonSuccessAndDebuggerNotification(Task task)
   at System.Web.Http.Dispatcher.HttpControllerDispatcher.<SendAsync>d__1.MoveNext()
2015-10-28 09:22:38.4717|ERROR|WebApi|System.InvalidCastException: Unable to cast object of type 'System.Data.SqlClient.SqlParameter' to type 'Npgsql.NpgsqlParameter'.
   at Npgsql.NpgsqlParameterCollection.AddRange(Array values)
   at System.Data.Entity.Core.Objects.ObjectContext.CreateStoreCommand(String commandText, Object[] parameters)
   at System.Data.Entity.Core.Objects.ObjectContext.ExecuteStoreQueryInternal[TElement](String commandText, String entitySetName, ExecutionOptions executionOptions, Object[] parameters)
   at System.Data.Entity.Core.Objects.ObjectContext.<>c__DisplayClass65`1.<ExecuteStoreQueryReliably>b__64()
   at System.Data.Entity.Core.Objects.ObjectContext.ExecuteInTransaction[T](Func`1 func, IDbExecutionStrategy executionStrategy, Boolean startLocalTransaction, Boolean releaseConnectionOnSuccess)
   at System.Data.Entity.Core.Objects.ObjectContext.<>c__DisplayClass65`1.<ExecuteStoreQueryReliably>b__63()
   at System.Data.Entity.Core.Objects.ObjectContext.ExecuteStoreQueryReliably[TElement](String commandText, String entitySetName, ExecutionOptions executionOptions, Object[] parameters)
   at System.Data.Entity.Core.Objects.ObjectContext.ExecuteStoreQuery[TElement](String commandText, ExecutionOptions executionOptions, Object[] parameters)
   at System.Data.Entity.Internal.LazyEnumerator`1.MoveNext()
   at System.Linq.Enumerable.WhereSelectEnumerableIterator`2.MoveNext()
   at System.Linq.Buffer`1..ctor(IEnumerable`1 source)
   at System.Linq.OrderedEnumerable`1.<GetEnumerator>d__1.MoveNext()
   at System.Collections.Generic.List`1..ctor(IEnumerable`1 collection)
   at System.Linq.Enumerable.ToList[TSource](IEnumerable`1 source)
   at Luxena.Travel.Domain.OrderBalanceReportQuery.Get() in D:\data\git\Luxena.Travel\src.15\Domain\Entities\Analysis\OrderBalanceReport.cs:line 56
   at Luxena.Domain.Web.DbQueryODataController`4.Get(ODataQueryOptions`1 options) in D:\data\git\Luxena.Travel\src.15\Luxena.Libs.15\Luxena.Domain.Web\OData\DbQueryODataController.cs:line 49
   at lambda_method(Closure , Object , Object[] )
   at System.Web.Http.Controllers.ReflectedHttpActionDescriptor.ActionExecutor.<>c__DisplayClass10.<GetExecutor>b__9(Object instance, Object[] methodParameters)
   at System.Web.Http.Controllers.ReflectedHttpActionDescriptor.ExecuteAsync(HttpControllerContext controllerContext, IDictionary`2 arguments, CancellationToken cancellationToken)
--- End of stack trace from previous location where exception was thrown ---
   at System.Runtime.CompilerServices.TaskAwaiter.ThrowForNonSuccess(Task task)
   at System.Runtime.CompilerServices.TaskAwaiter.HandleNonSuccessAndDebuggerNotification(Task task)
   at System.Web.Http.Controllers.ApiControllerActionInvoker.<InvokeActionAsyncCore>d__0.MoveNext()
--- End of stack trace from previous location where exception was thrown ---
   at System.Runtime.CompilerServices.TaskAwaiter.ThrowForNonSuccess(Task task)
   at System.Runtime.CompilerServices.TaskAwaiter.HandleNonSuccessAndDebuggerNotification(Task task)
   at System.Web.Http.Controllers.ActionFilterResult.<ExecuteAsync>d__2.MoveNext()
--- End of stack trace from previous location where exception was thrown ---
   at System.Runtime.CompilerServices.TaskAwaiter.ThrowForNonSuccess(Task task)
   at System.Runtime.CompilerServices.TaskAwaiter.HandleNonSuccessAndDebuggerNotification(Task task)
   at System.Web.Http.Dispatcher.HttpControllerDispatcher.<SendAsync>d__1.MoveNext()
2015-10-28 09:26:12.6950|ERROR|WebApi|Microsoft.OData.Core.ODataException: The property 'Id[Nullable=False]' of type 'Edm.String' has a null value, which is not allowed.
   at Microsoft.OData.Core.WriterValidationUtils.ValidateNullPropertyValue(IEdmTypeReference expectedPropertyTypeReference, String propertyName, ODataWriterBehavior writerBehavior, IEdmModel model, Boolean bypassValidation)
   at Microsoft.OData.Core.JsonLight.ODataJsonLightPropertySerializer.WriteProperty(ODataProperty property, IEdmStructuredType owningType, Boolean isTopLevel, Boolean allowStreamProperty, DuplicatePropertyNamesChecker duplicatePropertyNamesChecker, ProjectedPropertiesAnnotation projectedProperties)
   at Microsoft.OData.Core.JsonLight.ODataJsonLightPropertySerializer.WriteProperties(IEdmStructuredType owningType, IEnumerable`1 properties, Boolean isComplexValue, DuplicatePropertyNamesChecker duplicatePropertyNamesChecker, ProjectedPropertiesAnnotation projectedProperties)
   at Microsoft.OData.Core.JsonLight.ODataJsonLightWriter.StartEntry(ODataEntry entry)
   at Microsoft.OData.Core.ODataWriterCore.InterceptException(Action action)
   at Microsoft.OData.Core.ODataWriterCore.WriteStartEntryImplementation(ODataEntry entry)
   at System.Web.OData.Formatter.Serialization.ODataEntityTypeSerializer.WriteEntry(Object graph, ODataWriter writer, ODataSerializerContext writeContext)
   at System.Web.OData.Formatter.Serialization.ODataFeedSerializer.WriteFeed(IEnumerable enumerable, IEdmTypeReference feedType, ODataWriter writer, ODataSerializerContext writeContext)
   at System.Web.OData.Formatter.ODataMediaTypeFormatter.WriteToStream(Type type, Object value, Stream writeStream, HttpContent content, HttpContentHeaders contentHeaders)
   at System.Web.OData.Formatter.ODataMediaTypeFormatter.WriteToStreamAsync(Type type, Object value, Stream writeStream, HttpContent content, TransportContext transportContext, CancellationToken cancellationToken)
--- End of stack trace from previous location where exception was thrown ---
   at System.Runtime.CompilerServices.TaskAwaiter.ThrowForNonSuccess(Task task)
   at System.Runtime.CompilerServices.TaskAwaiter.HandleNonSuccessAndDebuggerNotification(Task task)
   at System.Web.Http.WebHost.HttpControllerHandler.<WriteBufferedResponseContentAsync>d__1b.MoveNext()
2015-10-28 10:15:52.4405|ERROR|WebApi|System.ArgumentException: At least one object must implement IComparable.
   at System.Collections.Comparer.Compare(Object a, Object b)
   at System.Linq.EnumerableSorter`2.CompareKeys(Int32 index1, Int32 index2)
   at System.Linq.EnumerableSorter`1.QuickSort(Int32[] map, Int32 left, Int32 right)
   at System.Linq.EnumerableSorter`1.Sort(TElement[] elements, Int32 count)
   at System.Linq.OrderedEnumerable`1.<GetEnumerator>d__1.MoveNext()
   at System.Collections.Generic.List`1..ctor(IEnumerable`1 collection)
   at System.Linq.Enumerable.ToList[TSource](IEnumerable`1 source)
   at Luxena.Travel.Domain.OrderBalanceReportQuery.Get() in D:\data\git\Luxena.Travel\src.15\Domain\Entities\Analysis\OrderBalanceReport.cs:line 55
   at Luxena.Domain.Web.DbQueryODataController`4.Get(ODataQueryOptions`1 options) in D:\data\git\Luxena.Travel\src.15\Luxena.Libs.15\Luxena.Domain.Web\OData\DbQueryODataController.cs:line 49
   at lambda_method(Closure , Object , Object[] )
   at System.Web.Http.Controllers.ReflectedHttpActionDescriptor.ActionExecutor.<>c__DisplayClass10.<GetExecutor>b__9(Object instance, Object[] methodParameters)
   at System.Web.Http.Controllers.ReflectedHttpActionDescriptor.ExecuteAsync(HttpControllerContext controllerContext, IDictionary`2 arguments, CancellationToken cancellationToken)
--- End of stack trace from previous location where exception was thrown ---
   at System.Runtime.CompilerServices.TaskAwaiter.ThrowForNonSuccess(Task task)
   at System.Runtime.CompilerServices.TaskAwaiter.HandleNonSuccessAndDebuggerNotification(Task task)
   at System.Web.Http.Controllers.ApiControllerActionInvoker.<InvokeActionAsyncCore>d__0.MoveNext()
--- End of stack trace from previous location where exception was thrown ---
   at System.Runtime.CompilerServices.TaskAwaiter.ThrowForNonSuccess(Task task)
   at System.Runtime.CompilerServices.TaskAwaiter.HandleNonSuccessAndDebuggerNotification(Task task)
   at System.Web.Http.Controllers.ActionFilterResult.<ExecuteAsync>d__2.MoveNext()
--- End of stack trace from previous location where exception was thrown ---
   at System.Runtime.CompilerServices.TaskAwaiter.ThrowForNonSuccess(Task task)
   at System.Runtime.CompilerServices.TaskAwaiter.HandleNonSuccessAndDebuggerNotification(Task task)
   at System.Web.Http.Dispatcher.HttpControllerDispatcher.<SendAsync>d__1.MoveNext()
