2016-01-22 10:43:38.8006|ERROR|WebApi|System.Data.Entity.Core.EntityCommandExecutionException: An error occurred while executing the command definition. See the inner exception for details. ---> Npgsql.NpgsqlException: ОШИБКА: 42703: колонка Extent1.version не существует
   at Npgsql.NpgsqlState.<ProcessBackendResponses>d__0.MoveNext()
   at Npgsql.ForwardsOnlyDataReader.GetNextResponseObject(Boolean cleanup)
   at Npgsql.ForwardsOnlyDataReader.GetNextRowDescription()
   at Npgsql.ForwardsOnlyDataReader.NextResultInternal()
   at Npgsql.ForwardsOnlyDataReader..ctor(IEnumerable`1 dataEnumeration, CommandBehavior behavior, NpgsqlCommand command, NotificationThreadBlock threadBlock, Boolean preparedStatement, NpgsqlRowDescription rowDescription)
   at Npgsql.NpgsqlCommand.GetReader(CommandBehavior cb)
   at Npgsql.NpgsqlCommand.ExecuteReader(CommandBehavior cb)
   at Npgsql.NpgsqlCommand.ExecuteDbDataReader(CommandBehavior behavior)
   at System.Data.Common.DbCommand.ExecuteReader(CommandBehavior behavior)
   at System.Data.Entity.Infrastructure.Interception.DbCommandDispatcher.<Reader>b__c(DbCommand t, DbCommandInterceptionContext`1 c)
   at System.Data.Entity.Infrastructure.Interception.InternalDispatcher`1.Dispatch[TTarget,TInterceptionContext,TResult](TTarget target, Func`3 operation, TInterceptionContext interceptionContext, Action`3 executing, Action`3 executed)
   at System.Data.Entity.Infrastructure.Interception.DbCommandDispatcher.Reader(DbCommand command, DbCommandInterceptionContext interceptionContext)
   at System.Data.Entity.Internal.InterceptableDbCommand.ExecuteDbDataReader(CommandBehavior behavior)
   at System.Data.Common.DbCommand.ExecuteReader(CommandBehavior behavior)
   at System.Data.Entity.Core.EntityClient.Internal.EntityCommandDefinition.ExecuteStoreCommands(EntityCommand entityCommand, CommandBehavior behavior)
   --- End of inner exception stack trace ---
   at System.Data.Entity.Core.EntityClient.Internal.EntityCommandDefinition.ExecuteStoreCommands(EntityCommand entityCommand, CommandBehavior behavior)
   at System.Data.Entity.Core.Objects.Internal.ObjectQueryExecutionPlan.Execute[TResultType](ObjectContext context, ObjectParameterCollection parameterValues)
   at System.Data.Entity.Core.Objects.ObjectQuery`1.<>c__DisplayClass7.<GetResults>b__6()
   at System.Data.Entity.Core.Objects.ObjectContext.ExecuteInTransaction[T](Func`1 func, IDbExecutionStrategy executionStrategy, Boolean startLocalTransaction, Boolean releaseConnectionOnSuccess)
   at System.Data.Entity.Core.Objects.ObjectQuery`1.<>c__DisplayClass7.<GetResults>b__5()
   at System.Data.Entity.Infrastructure.DefaultExecutionStrategy.Execute[TResult](Func`1 operation)
   at System.Data.Entity.Core.Objects.ObjectQuery`1.GetResults(Nullable`1 forMergeOption)
   at System.Data.Entity.Core.Objects.ObjectQuery`1.Execute(MergeOption mergeOption)
   at System.Data.Entity.Core.Objects.DataClasses.EntityCollection`1.Load(List`1 collection, MergeOption mergeOption)
   at System.Data.Entity.Core.Objects.DataClasses.EntityCollection`1.Load(MergeOption mergeOption)
   at System.Data.Entity.Core.Objects.DataClasses.RelatedEnd.DeferredLoad()
   at System.Data.Entity.Core.Objects.Internal.LazyLoadBehavior.LoadProperty[TItem](TItem propertyValue, String relationshipName, String targetRoleName, Boolean mustBeNull, Object wrapperObject)
   at System.Data.Entity.Core.Objects.Internal.LazyLoadBehavior.<>c__DisplayClass7`2.<GetInterceptorDelegate>b__1(TProxy proxy, TItem item)
   at System.Data.Entity.DynamicProxies.Person_50F29FAA4219AB8285675CCCFB3B6479999407EE68413B166C904457A5332F7F.get_Files()
   at Luxena.Travel.Domain.Party.get_FileCount() in D:\data\git\Luxena.Travel\src.16\Domain\Entities\Parties\Party.cs:line 91
   at System.Web.Http.Internal.PropertyHelper.CallPropertyGetter[TDeclaringType,TValue](Func`2 getter, Object this)
   at System.Web.Http.Internal.PropertyHelper.GetValue(Object instance)
   at System.Web.OData.Formatter.Serialization.TypedEdmStructuredObject.TryGetPropertyValue(String propertyName, Object& value)
   at System.Web.OData.EntityInstanceContext.GetPropertyValue(String propertyName)
   at System.Web.OData.Formatter.Serialization.ODataEntityTypeSerializer.CreateStructuralProperty(IEdmStructuralProperty structuralProperty, EntityInstanceContext entityInstanceContext)
   at System.Web.OData.Formatter.Serialization.ODataEntityTypeSerializer.CreateStructuralPropertyBag(IEnumerable`1 structuralProperties, EntityInstanceContext entityInstanceContext)
   at System.Web.OData.Formatter.Serialization.ODataEntityTypeSerializer.CreateEntry(SelectExpandNode selectExpandNode, EntityInstanceContext entityInstanceContext)
   at System.Web.OData.Formatter.Serialization.ODataEntityTypeSerializer.WriteEntry(Object graph, ODataWriter writer, ODataSerializerContext writeContext)
   at System.Web.OData.Formatter.Serialization.ODataEntityTypeSerializer.WriteObjectInline(Object graph, IEdmTypeReference expectedType, ODataWriter writer, ODataSerializerContext writeContext)
   at System.Web.OData.Formatter.Serialization.ODataFeedSerializer.WriteFeed(IEnumerable enumerable, IEdmTypeReference feedType, ODataWriter writer, ODataSerializerContext writeContext)
   at System.Web.OData.Formatter.Serialization.ODataFeedSerializer.WriteObjectInline(Object graph, IEdmTypeReference expectedType, ODataWriter writer, ODataSerializerContext writeContext)
   at System.Web.OData.Formatter.Serialization.ODataFeedSerializer.WriteObject(Object graph, Type type, ODataMessageWriter messageWriter, ODataSerializerContext writeContext)
   at System.Web.OData.Formatter.ODataMediaTypeFormatter.WriteToStream(Type type, Object value, Stream writeStream, HttpContent content, HttpContentHeaders contentHeaders)
   at System.Web.OData.Formatter.ODataMediaTypeFormatter.WriteToStreamAsync(Type type, Object value, Stream writeStream, HttpContent content, TransportContext transportContext, CancellationToken cancellationToken)
--- End of stack trace from previous location where exception was thrown ---
   at System.Runtime.CompilerServices.TaskAwaiter.ThrowForNonSuccess(Task task)
   at System.Runtime.CompilerServices.TaskAwaiter.HandleNonSuccessAndDebuggerNotification(Task task)
   at System.Runtime.CompilerServices.TaskAwaiter.GetResult()
   at System.Web.Http.WebHost.HttpControllerHandler.<WriteBufferedResponseContentAsync>d__1b.MoveNext()
2016-01-22 10:43:38.8729|ERROR|WebApi|SELECT "Extent1"."id", "Extent1"."filename", "Extent1"."timestamp", "Extent1"."content", "Extent1"."party", "Extent1"."uploadedby", "Extent1"."version" FROM "ufsa"."lt_file" AS "Extent1" WHERE "Extent1"."party" = (('000060a3445240c699013762403bb429'))
2016-01-22 10:45:58.5795|ERROR|WebApi|System.Data.Entity.Core.EntityCommandExecutionException: An error occurred while executing the command definition. See the inner exception for details. ---> Npgsql.NpgsqlException: ОШИБКА: 42703: колонка Extent1.version не существует
   at Npgsql.NpgsqlState.<ProcessBackendResponses>d__0.MoveNext()
   at Npgsql.ForwardsOnlyDataReader.GetNextResponseObject(Boolean cleanup)
   at Npgsql.ForwardsOnlyDataReader.GetNextRowDescription()
   at Npgsql.ForwardsOnlyDataReader.NextResultInternal()
   at Npgsql.ForwardsOnlyDataReader..ctor(IEnumerable`1 dataEnumeration, CommandBehavior behavior, NpgsqlCommand command, NotificationThreadBlock threadBlock, Boolean preparedStatement, NpgsqlRowDescription rowDescription)
   at Npgsql.NpgsqlCommand.GetReader(CommandBehavior cb)
   at Npgsql.NpgsqlCommand.ExecuteReader(CommandBehavior cb)
   at Npgsql.NpgsqlCommand.ExecuteDbDataReader(CommandBehavior behavior)
   at System.Data.Common.DbCommand.ExecuteReader(CommandBehavior behavior)
   at System.Data.Entity.Infrastructure.Interception.DbCommandDispatcher.<Reader>b__c(DbCommand t, DbCommandInterceptionContext`1 c)
   at System.Data.Entity.Infrastructure.Interception.InternalDispatcher`1.Dispatch[TTarget,TInterceptionContext,TResult](TTarget target, Func`3 operation, TInterceptionContext interceptionContext, Action`3 executing, Action`3 executed)
   at System.Data.Entity.Infrastructure.Interception.DbCommandDispatcher.Reader(DbCommand command, DbCommandInterceptionContext interceptionContext)
   at System.Data.Entity.Internal.InterceptableDbCommand.ExecuteDbDataReader(CommandBehavior behavior)
   at System.Data.Common.DbCommand.ExecuteReader(CommandBehavior behavior)
   at System.Data.Entity.Core.EntityClient.Internal.EntityCommandDefinition.ExecuteStoreCommands(EntityCommand entityCommand, CommandBehavior behavior)
   --- End of inner exception stack trace ---
   at System.Data.Entity.Core.EntityClient.Internal.EntityCommandDefinition.ExecuteStoreCommands(EntityCommand entityCommand, CommandBehavior behavior)
   at System.Data.Entity.Core.Objects.Internal.ObjectQueryExecutionPlan.Execute[TResultType](ObjectContext context, ObjectParameterCollection parameterValues)
   at System.Data.Entity.Core.Objects.ObjectQuery`1.<>c__DisplayClass7.<GetResults>b__6()
   at System.Data.Entity.Core.Objects.ObjectContext.ExecuteInTransaction[T](Func`1 func, IDbExecutionStrategy executionStrategy, Boolean startLocalTransaction, Boolean releaseConnectionOnSuccess)
   at System.Data.Entity.Core.Objects.ObjectQuery`1.<>c__DisplayClass7.<GetResults>b__5()
   at System.Data.Entity.Infrastructure.DefaultExecutionStrategy.Execute[TResult](Func`1 operation)
   at System.Data.Entity.Core.Objects.ObjectQuery`1.GetResults(Nullable`1 forMergeOption)
   at System.Data.Entity.Core.Objects.ObjectQuery`1.Execute(MergeOption mergeOption)
   at System.Data.Entity.Core.Objects.DataClasses.EntityCollection`1.Load(List`1 collection, MergeOption mergeOption)
   at System.Data.Entity.Core.Objects.DataClasses.EntityCollection`1.Load(MergeOption mergeOption)
   at System.Data.Entity.Core.Objects.DataClasses.RelatedEnd.Load()
   at System.Data.Entity.Core.Objects.DataClasses.RelatedEnd.DeferredLoad()
   at System.Data.Entity.Core.Objects.Internal.LazyLoadBehavior.LoadProperty[TItem](TItem propertyValue, String relationshipName, String targetRoleName, Boolean mustBeNull, Object wrapperObject)
   at System.Data.Entity.Core.Objects.Internal.LazyLoadBehavior.<>c__DisplayClass7`2.<GetInterceptorDelegate>b__1(TProxy proxy, TItem item)
   at System.Data.Entity.DynamicProxies.Person_50F29FAA4219AB8285675CCCFB3B6479999407EE68413B166C904457A5332F7F.get_Files()
   at Luxena.Travel.Domain.Party.get_FileCount() in D:\data\git\Luxena.Travel\src.16\Domain\Entities\Parties\Party.cs:line 91
   at System.Web.Http.Internal.PropertyHelper.CallPropertyGetter[TDeclaringType,TValue](Func`2 getter, Object this)
   at System.Web.Http.Internal.PropertyHelper.GetValue(Object instance)
   at System.Web.OData.Formatter.Serialization.TypedEdmStructuredObject.TryGetPropertyValue(String propertyName, Object& value)
   at System.Web.OData.EntityInstanceContext.GetPropertyValue(String propertyName)
   at System.Web.OData.Formatter.Serialization.ODataEntityTypeSerializer.CreateStructuralProperty(IEdmStructuralProperty structuralProperty, EntityInstanceContext entityInstanceContext)
   at System.Web.OData.Formatter.Serialization.ODataEntityTypeSerializer.CreateStructuralPropertyBag(IEnumerable`1 structuralProperties, EntityInstanceContext entityInstanceContext)
   at System.Web.OData.Formatter.Serialization.ODataEntityTypeSerializer.CreateEntry(SelectExpandNode selectExpandNode, EntityInstanceContext entityInstanceContext)
   at System.Web.OData.Formatter.Serialization.ODataEntityTypeSerializer.WriteEntry(Object graph, ODataWriter writer, ODataSerializerContext writeContext)
   at System.Web.OData.Formatter.Serialization.ODataEntityTypeSerializer.WriteObjectInline(Object graph, IEdmTypeReference expectedType, ODataWriter writer, ODataSerializerContext writeContext)
   at System.Web.OData.Formatter.Serialization.ODataFeedSerializer.WriteFeed(IEnumerable enumerable, IEdmTypeReference feedType, ODataWriter writer, ODataSerializerContext writeContext)
   at System.Web.OData.Formatter.Serialization.ODataFeedSerializer.WriteObjectInline(Object graph, IEdmTypeReference expectedType, ODataWriter writer, ODataSerializerContext writeContext)
   at System.Web.OData.Formatter.Serialization.ODataFeedSerializer.WriteObject(Object graph, Type type, ODataMessageWriter messageWriter, ODataSerializerContext writeContext)
   at System.Web.OData.Formatter.ODataMediaTypeFormatter.WriteToStream(Type type, Object value, Stream writeStream, HttpContent content, HttpContentHeaders contentHeaders)
   at System.Web.OData.Formatter.ODataMediaTypeFormatter.WriteToStreamAsync(Type type, Object value, Stream writeStream, HttpContent content, TransportContext transportContext, CancellationToken cancellationToken)
--- End of stack trace from previous location where exception was thrown ---
   at System.Runtime.CompilerServices.TaskAwaiter.ThrowForNonSuccess(Task task)
   at System.Runtime.CompilerServices.TaskAwaiter.HandleNonSuccessAndDebuggerNotification(Task task)
   at System.Runtime.CompilerServices.TaskAwaiter.GetResult()
   at System.Web.Http.WebHost.HttpControllerHandler.<WriteBufferedResponseContentAsync>d__1b.MoveNext()
2016-01-22 10:45:58.5965|ERROR|WebApi|SELECT "Extent1"."id", "Extent1"."filename", "Extent1"."timestamp", "Extent1"."content", "Extent1"."party", "Extent1"."uploadedby", "Extent1"."version" FROM "ufsa"."lt_file" AS "Extent1" WHERE "Extent1"."party" = (('000060a3445240c699013762403bb429'))
2016-01-22 11:27:26.1080|ERROR|WebApi|System.Data.Entity.Core.EntityCommandExecutionException: An error occurred while executing the command definition. See the inner exception for details. ---> Npgsql.NpgsqlException: ОШИБКА: 42703: колонка Extent1.version не существует
   at Npgsql.NpgsqlState.<ProcessBackendResponses>d__0.MoveNext()
   at Npgsql.ForwardsOnlyDataReader.GetNextResponseObject(Boolean cleanup)
   at Npgsql.ForwardsOnlyDataReader.GetNextRowDescription()
   at Npgsql.ForwardsOnlyDataReader.NextResultInternal()
   at Npgsql.ForwardsOnlyDataReader..ctor(IEnumerable`1 dataEnumeration, CommandBehavior behavior, NpgsqlCommand command, NotificationThreadBlock threadBlock, Boolean preparedStatement, NpgsqlRowDescription rowDescription)
   at Npgsql.NpgsqlCommand.GetReader(CommandBehavior cb)
   at Npgsql.NpgsqlCommand.ExecuteReader(CommandBehavior cb)
   at System.Data.Entity.Infrastructure.Interception.InternalDispatcher`1.Dispatch[TTarget,TInterceptionContext,TResult](TTarget target, Func`3 operation, TInterceptionContext interceptionContext, Action`3 executing, Action`3 executed)
   at System.Data.Entity.Infrastructure.Interception.DbCommandDispatcher.Reader(DbCommand command, DbCommandInterceptionContext interceptionContext)
   at System.Data.Entity.Core.EntityClient.Internal.EntityCommandDefinition.ExecuteStoreCommands(EntityCommand entityCommand, CommandBehavior behavior)
   --- End of inner exception stack trace ---
   at System.Data.Entity.Core.EntityClient.Internal.EntityCommandDefinition.ExecuteStoreCommands(EntityCommand entityCommand, CommandBehavior behavior)
   at System.Data.Entity.Core.Objects.Internal.ObjectQueryExecutionPlan.Execute[TResultType](ObjectContext context, ObjectParameterCollection parameterValues)
   at System.Data.Entity.Core.Objects.ObjectContext.ExecuteInTransaction[T](Func`1 func, IDbExecutionStrategy executionStrategy, Boolean startLocalTransaction, Boolean releaseConnectionOnSuccess)
   at System.Data.Entity.Core.Objects.ObjectQuery`1.<>c__DisplayClass7.<GetResults>b__5()
   at System.Data.Entity.Core.Objects.ObjectQuery`1.GetResults(Nullable`1 forMergeOption)
   at System.Data.Entity.Core.Objects.DataClasses.EntityCollection`1.Load(List`1 collection, MergeOption mergeOption)
   at System.Data.Entity.Core.Objects.DataClasses.RelatedEnd.DeferredLoad()
   at System.Data.Entity.Core.Objects.Internal.LazyLoadBehavior.LoadProperty[TItem](TItem propertyValue, String relationshipName, String targetRoleName, Boolean mustBeNull, Object wrapperObject)
   at System.Data.Entity.Core.Objects.Internal.LazyLoadBehavior.<>c__DisplayClass7`2.<GetInterceptorDelegate>b__1(TProxy proxy, TItem item)
   at System.Data.Entity.DynamicProxies.Person_50F29FAA4219AB8285675CCCFB3B6479999407EE68413B166C904457A5332F7F.get_Files()
   at Luxena.Travel.Domain.Party.get_FileCount() in D:\data\git\Luxena.Travel\src.16\Domain\Entities\Parties\Party.cs:line 91
   at System.Web.Http.Internal.PropertyHelper.CallPropertyGetter[TDeclaringType,TValue](Func`2 getter, Object this)
   at System.Web.OData.Formatter.Serialization.TypedEdmStructuredObject.TryGetPropertyValue(String propertyName, Object& value)
   at System.Web.OData.EntityInstanceContext.GetPropertyValue(String propertyName)
   at System.Web.OData.Formatter.Serialization.ODataEntityTypeSerializer.CreateStructuralProperty(IEdmStructuralProperty structuralProperty, EntityInstanceContext entityInstanceContext)
   at System.Web.OData.Formatter.Serialization.ODataEntityTypeSerializer.CreateStructuralPropertyBag(IEnumerable`1 structuralProperties, EntityInstanceContext entityInstanceContext)
   at System.Web.OData.Formatter.Serialization.ODataEntityTypeSerializer.CreateEntry(SelectExpandNode selectExpandNode, EntityInstanceContext entityInstanceContext)
   at System.Web.OData.Formatter.Serialization.ODataEntityTypeSerializer.WriteEntry(Object graph, ODataWriter writer, ODataSerializerContext writeContext)
   at System.Web.OData.Formatter.Serialization.ODataFeedSerializer.WriteFeed(IEnumerable enumerable, IEdmTypeReference feedType, ODataWriter writer, ODataSerializerContext writeContext)
   at System.Web.OData.Formatter.ODataMediaTypeFormatter.WriteToStream(Type type, Object value, Stream writeStream, HttpContent content, HttpContentHeaders contentHeaders)
   at System.Web.OData.Formatter.ODataMediaTypeFormatter.WriteToStreamAsync(Type type, Object value, Stream writeStream, HttpContent content, TransportContext transportContext, CancellationToken cancellationToken)
--- End of stack trace from previous location where exception was thrown ---
   at System.Runtime.CompilerServices.TaskAwaiter.ThrowForNonSuccess(Task task)
   at System.Runtime.CompilerServices.TaskAwaiter.HandleNonSuccessAndDebuggerNotification(Task task)
   at System.Web.Http.WebHost.HttpControllerHandler.<WriteBufferedResponseContentAsync>d__1b.MoveNext()
2016-01-22 11:27:26.4547|ERROR|WebApi|SELECT "Extent1"."id", "Extent1"."filename", "Extent1"."timestamp", "Extent1"."content", "Extent1"."party", "Extent1"."uploadedby", "Extent1"."version" FROM "ufsa"."lt_file" AS "Extent1" WHERE "Extent1"."party" = (('000060a3445240c699013762403bb429'))
2016-01-22 11:49:23.3275|ERROR|WebApi|System.Data.Entity.Core.EntityCommandExecutionException: An error occurred while executing the command definition. See the inner exception for details. ---> Npgsql.NpgsqlException: ОШИБКА: 42703: колонка Extent1.version не существует
   at Npgsql.NpgsqlState.<ProcessBackendResponses>d__0.MoveNext()
   at Npgsql.ForwardsOnlyDataReader.GetNextResponseObject(Boolean cleanup)
   at Npgsql.ForwardsOnlyDataReader.GetNextRowDescription()
   at Npgsql.ForwardsOnlyDataReader.NextResultInternal()
   at Npgsql.ForwardsOnlyDataReader..ctor(IEnumerable`1 dataEnumeration, CommandBehavior behavior, NpgsqlCommand command, NotificationThreadBlock threadBlock, Boolean preparedStatement, NpgsqlRowDescription rowDescription)
   at Npgsql.NpgsqlCommand.GetReader(CommandBehavior cb)
   at Npgsql.NpgsqlCommand.ExecuteReader(CommandBehavior cb)
   at System.Data.Entity.Infrastructure.Interception.InternalDispatcher`1.Dispatch[TTarget,TInterceptionContext,TResult](TTarget target, Func`3 operation, TInterceptionContext interceptionContext, Action`3 executing, Action`3 executed)
   at System.Data.Entity.Infrastructure.Interception.DbCommandDispatcher.Reader(DbCommand command, DbCommandInterceptionContext interceptionContext)
   at System.Data.Entity.Core.EntityClient.Internal.EntityCommandDefinition.ExecuteStoreCommands(EntityCommand entityCommand, CommandBehavior behavior)
   --- End of inner exception stack trace ---
   at System.Data.Entity.Core.EntityClient.Internal.EntityCommandDefinition.ExecuteStoreCommands(EntityCommand entityCommand, CommandBehavior behavior)
   at System.Data.Entity.Core.Objects.Internal.ObjectQueryExecutionPlan.Execute[TResultType](ObjectContext context, ObjectParameterCollection parameterValues)
   at System.Data.Entity.Core.Objects.ObjectContext.ExecuteInTransaction[T](Func`1 func, IDbExecutionStrategy executionStrategy, Boolean startLocalTransaction, Boolean releaseConnectionOnSuccess)
   at System.Data.Entity.Core.Objects.ObjectQuery`1.<>c__DisplayClass7.<GetResults>b__5()
   at System.Data.Entity.Core.Objects.ObjectQuery`1.GetResults(Nullable`1 forMergeOption)
   at System.Data.Entity.Core.Objects.DataClasses.EntityCollection`1.Load(List`1 collection, MergeOption mergeOption)
   at System.Data.Entity.Core.Objects.DataClasses.RelatedEnd.DeferredLoad()
   at System.Data.Entity.Core.Objects.Internal.LazyLoadBehavior.LoadProperty[TItem](TItem propertyValue, String relationshipName, String targetRoleName, Boolean mustBeNull, Object wrapperObject)
   at System.Data.Entity.Core.Objects.Internal.LazyLoadBehavior.<>c__DisplayClass7`2.<GetInterceptorDelegate>b__1(TProxy proxy, TItem item)
   at System.Data.Entity.DynamicProxies.Person_50F29FAA4219AB8285675CCCFB3B6479999407EE68413B166C904457A5332F7F.get_Files()
   at Luxena.Travel.Domain.Party.get_FileCount() in D:\data\git\Luxena.Travel\src.16\Domain\Entities\Parties\Party.cs:line 91
   at System.Web.Http.Internal.PropertyHelper.CallPropertyGetter[TDeclaringType,TValue](Func`2 getter, Object this)
   at System.Web.OData.Formatter.Serialization.TypedEdmStructuredObject.TryGetPropertyValue(String propertyName, Object& value)
   at System.Web.OData.EntityInstanceContext.GetPropertyValue(String propertyName)
   at System.Web.OData.Formatter.Serialization.ODataEntityTypeSerializer.CreateStructuralProperty(IEdmStructuralProperty structuralProperty, EntityInstanceContext entityInstanceContext)
   at System.Web.OData.Formatter.Serialization.ODataEntityTypeSerializer.CreateStructuralPropertyBag(IEnumerable`1 structuralProperties, EntityInstanceContext entityInstanceContext)
   at System.Web.OData.Formatter.Serialization.ODataEntityTypeSerializer.CreateEntry(SelectExpandNode selectExpandNode, EntityInstanceContext entityInstanceContext)
   at System.Web.OData.Formatter.Serialization.ODataEntityTypeSerializer.WriteEntry(Object graph, ODataWriter writer, ODataSerializerContext writeContext)
   at System.Web.OData.Formatter.Serialization.ODataFeedSerializer.WriteFeed(IEnumerable enumerable, IEdmTypeReference feedType, ODataWriter writer, ODataSerializerContext writeContext)
   at System.Web.OData.Formatter.ODataMediaTypeFormatter.WriteToStream(Type type, Object value, Stream writeStream, HttpContent content, HttpContentHeaders contentHeaders)
   at System.Web.OData.Formatter.ODataMediaTypeFormatter.WriteToStreamAsync(Type type, Object value, Stream writeStream, HttpContent content, TransportContext transportContext, CancellationToken cancellationToken)
--- End of stack trace from previous location where exception was thrown ---
   at System.Runtime.CompilerServices.TaskAwaiter.ThrowForNonSuccess(Task task)
   at System.Runtime.CompilerServices.TaskAwaiter.HandleNonSuccessAndDebuggerNotification(Task task)
   at System.Web.Http.WebHost.HttpControllerHandler.<WriteBufferedResponseContentAsync>d__1b.MoveNext()
2016-01-22 11:49:23.3525|ERROR|WebApi|SELECT "Extent1"."id", "Extent1"."filename", "Extent1"."timestamp", "Extent1"."content", "Extent1"."party", "Extent1"."uploadedby", "Extent1"."version" FROM "ufsa"."lt_file" AS "Extent1" WHERE "Extent1"."party" = (('000060a3445240c699013762403bb429'))
2016-01-22 11:50:08.3230|ERROR|WebApi|System.Data.Entity.Core.EntityCommandExecutionException: An error occurred while executing the command definition. See the inner exception for details. ---> Npgsql.NpgsqlException: ОШИБКА: 42703: колонка Extent1.version не существует
   at Npgsql.NpgsqlState.<ProcessBackendResponses>d__0.MoveNext()
   at Npgsql.ForwardsOnlyDataReader.GetNextResponseObject(Boolean cleanup)
   at Npgsql.ForwardsOnlyDataReader.GetNextRowDescription()
   at Npgsql.ForwardsOnlyDataReader.NextResultInternal()
   at Npgsql.ForwardsOnlyDataReader..ctor(IEnumerable`1 dataEnumeration, CommandBehavior behavior, NpgsqlCommand command, NotificationThreadBlock threadBlock, Boolean preparedStatement, NpgsqlRowDescription rowDescription)
   at Npgsql.NpgsqlCommand.GetReader(CommandBehavior cb)
   at Npgsql.NpgsqlCommand.ExecuteReader(CommandBehavior cb)
   at System.Data.Entity.Infrastructure.Interception.InternalDispatcher`1.Dispatch[TTarget,TInterceptionContext,TResult](TTarget target, Func`3 operation, TInterceptionContext interceptionContext, Action`3 executing, Action`3 executed)
   at System.Data.Entity.Infrastructure.Interception.DbCommandDispatcher.Reader(DbCommand command, DbCommandInterceptionContext interceptionContext)
   at System.Data.Entity.Core.EntityClient.Internal.EntityCommandDefinition.ExecuteStoreCommands(EntityCommand entityCommand, CommandBehavior behavior)
   --- End of inner exception stack trace ---
   at System.Data.Entity.Core.EntityClient.Internal.EntityCommandDefinition.ExecuteStoreCommands(EntityCommand entityCommand, CommandBehavior behavior)
   at System.Data.Entity.Core.Objects.Internal.ObjectQueryExecutionPlan.Execute[TResultType](ObjectContext context, ObjectParameterCollection parameterValues)
   at System.Data.Entity.Core.Objects.ObjectContext.ExecuteInTransaction[T](Func`1 func, IDbExecutionStrategy executionStrategy, Boolean startLocalTransaction, Boolean releaseConnectionOnSuccess)
   at System.Data.Entity.Core.Objects.ObjectQuery`1.<>c__DisplayClass7.<GetResults>b__5()
   at System.Data.Entity.Core.Objects.ObjectQuery`1.GetResults(Nullable`1 forMergeOption)
   at System.Data.Entity.Core.Objects.DataClasses.EntityCollection`1.Load(List`1 collection, MergeOption mergeOption)
   at System.Data.Entity.Core.Objects.DataClasses.RelatedEnd.DeferredLoad()
   at System.Data.Entity.Core.Objects.Internal.LazyLoadBehavior.LoadProperty[TItem](TItem propertyValue, String relationshipName, String targetRoleName, Boolean mustBeNull, Object wrapperObject)
   at System.Data.Entity.Core.Objects.Internal.LazyLoadBehavior.<>c__DisplayClass7`2.<GetInterceptorDelegate>b__1(TProxy proxy, TItem item)
   at System.Data.Entity.DynamicProxies.Person_50F29FAA4219AB8285675CCCFB3B6479999407EE68413B166C904457A5332F7F.get_Files()
   at Luxena.Travel.Domain.Party.get_FileCount() in D:\data\git\Luxena.Travel\src.16\Domain\Entities\Parties\Party.cs:line 91
   at System.Web.Http.Internal.PropertyHelper.CallPropertyGetter[TDeclaringType,TValue](Func`2 getter, Object this)
   at System.Web.OData.Formatter.Serialization.TypedEdmStructuredObject.TryGetPropertyValue(String propertyName, Object& value)
   at System.Web.OData.EntityInstanceContext.GetPropertyValue(String propertyName)
   at System.Web.OData.Formatter.Serialization.ODataEntityTypeSerializer.CreateStructuralProperty(IEdmStructuralProperty structuralProperty, EntityInstanceContext entityInstanceContext)
   at System.Web.OData.Formatter.Serialization.ODataEntityTypeSerializer.CreateStructuralPropertyBag(IEnumerable`1 structuralProperties, EntityInstanceContext entityInstanceContext)
   at System.Web.OData.Formatter.Serialization.ODataEntityTypeSerializer.CreateEntry(SelectExpandNode selectExpandNode, EntityInstanceContext entityInstanceContext)
   at System.Web.OData.Formatter.Serialization.ODataEntityTypeSerializer.WriteEntry(Object graph, ODataWriter writer, ODataSerializerContext writeContext)
   at System.Web.OData.Formatter.Serialization.ODataFeedSerializer.WriteFeed(IEnumerable enumerable, IEdmTypeReference feedType, ODataWriter writer, ODataSerializerContext writeContext)
   at System.Web.OData.Formatter.ODataMediaTypeFormatter.WriteToStream(Type type, Object value, Stream writeStream, HttpContent content, HttpContentHeaders contentHeaders)
   at System.Web.OData.Formatter.ODataMediaTypeFormatter.WriteToStreamAsync(Type type, Object value, Stream writeStream, HttpContent content, TransportContext transportContext, CancellationToken cancellationToken)
--- End of stack trace from previous location where exception was thrown ---
   at System.Runtime.CompilerServices.TaskAwaiter.ThrowForNonSuccess(Task task)
   at System.Runtime.CompilerServices.TaskAwaiter.HandleNonSuccessAndDebuggerNotification(Task task)
   at System.Web.Http.WebHost.HttpControllerHandler.<WriteBufferedResponseContentAsync>d__1b.MoveNext()
2016-01-22 11:50:08.3451|ERROR|WebApi|SELECT "Extent1"."id", "Extent1"."filename", "Extent1"."timestamp", "Extent1"."content", "Extent1"."party", "Extent1"."uploadedby", "Extent1"."version" FROM "ufsa"."lt_file" AS "Extent1" WHERE "Extent1"."party" = (('000060a3445240c699013762403bb429'))
2016-01-22 12:33:00.7353|ERROR|WebApi|System.Data.Entity.Core.EntityCommandExecutionException: An error occurred while executing the command definition. See the inner exception for details. ---> Npgsql.NpgsqlException: ОШИБКА: 42703: колонка Extent1.version не существует
   at Npgsql.NpgsqlState.<ProcessBackendResponses>d__0.MoveNext()
   at Npgsql.ForwardsOnlyDataReader.GetNextResponseObject(Boolean cleanup)
   at Npgsql.ForwardsOnlyDataReader.GetNextRowDescription()
   at Npgsql.ForwardsOnlyDataReader.NextResultInternal()
   at Npgsql.ForwardsOnlyDataReader..ctor(IEnumerable`1 dataEnumeration, CommandBehavior behavior, NpgsqlCommand command, NotificationThreadBlock threadBlock, Boolean preparedStatement, NpgsqlRowDescription rowDescription)
   at Npgsql.NpgsqlCommand.GetReader(CommandBehavior cb)
   at Npgsql.NpgsqlCommand.ExecuteReader(CommandBehavior cb)
   at System.Data.Entity.Infrastructure.Interception.InternalDispatcher`1.Dispatch[TTarget,TInterceptionContext,TResult](TTarget target, Func`3 operation, TInterceptionContext interceptionContext, Action`3 executing, Action`3 executed)
   at System.Data.Entity.Infrastructure.Interception.DbCommandDispatcher.Reader(DbCommand command, DbCommandInterceptionContext interceptionContext)
   at System.Data.Entity.Core.EntityClient.Internal.EntityCommandDefinition.ExecuteStoreCommands(EntityCommand entityCommand, CommandBehavior behavior)
   --- End of inner exception stack trace ---
   at System.Data.Entity.Core.EntityClient.Internal.EntityCommandDefinition.ExecuteStoreCommands(EntityCommand entityCommand, CommandBehavior behavior)
   at System.Data.Entity.Core.Objects.Internal.ObjectQueryExecutionPlan.Execute[TResultType](ObjectContext context, ObjectParameterCollection parameterValues)
   at System.Data.Entity.Core.Objects.ObjectContext.ExecuteInTransaction[T](Func`1 func, IDbExecutionStrategy executionStrategy, Boolean startLocalTransaction, Boolean releaseConnectionOnSuccess)
   at System.Data.Entity.Core.Objects.ObjectQuery`1.<>c__DisplayClass7.<GetResults>b__5()
   at System.Data.Entity.Core.Objects.ObjectQuery`1.GetResults(Nullable`1 forMergeOption)
   at System.Data.Entity.Core.Objects.DataClasses.EntityCollection`1.Load(List`1 collection, MergeOption mergeOption)
   at System.Data.Entity.Core.Objects.DataClasses.RelatedEnd.DeferredLoad()
   at System.Data.Entity.Core.Objects.Internal.LazyLoadBehavior.LoadProperty[TItem](TItem propertyValue, String relationshipName, String targetRoleName, Boolean mustBeNull, Object wrapperObject)
   at System.Data.Entity.Core.Objects.Internal.LazyLoadBehavior.<>c__DisplayClass7`2.<GetInterceptorDelegate>b__1(TProxy proxy, TItem item)
   at System.Data.Entity.DynamicProxies.Person_50F29FAA4219AB8285675CCCFB3B6479999407EE68413B166C904457A5332F7F.get_Files()
   at Luxena.Travel.Domain.Party.get_FileCount() in D:\data\git\Luxena.Travel\src.16\Domain\Entities\Parties\Party.cs:line 91
   at System.Web.Http.Internal.PropertyHelper.CallPropertyGetter[TDeclaringType,TValue](Func`2 getter, Object this)
   at System.Web.OData.Formatter.Serialization.TypedEdmStructuredObject.TryGetPropertyValue(String propertyName, Object& value)
   at System.Web.OData.EntityInstanceContext.GetPropertyValue(String propertyName)
   at System.Web.OData.Formatter.Serialization.ODataEntityTypeSerializer.CreateStructuralProperty(IEdmStructuralProperty structuralProperty, EntityInstanceContext entityInstanceContext)
   at System.Web.OData.Formatter.Serialization.ODataEntityTypeSerializer.CreateStructuralPropertyBag(IEnumerable`1 structuralProperties, EntityInstanceContext entityInstanceContext)
   at System.Web.OData.Formatter.Serialization.ODataEntityTypeSerializer.CreateEntry(SelectExpandNode selectExpandNode, EntityInstanceContext entityInstanceContext)
   at System.Web.OData.Formatter.Serialization.ODataEntityTypeSerializer.WriteEntry(Object graph, ODataWriter writer, ODataSerializerContext writeContext)
   at System.Web.OData.Formatter.Serialization.ODataFeedSerializer.WriteFeed(IEnumerable enumerable, IEdmTypeReference feedType, ODataWriter writer, ODataSerializerContext writeContext)
   at System.Web.OData.Formatter.ODataMediaTypeFormatter.WriteToStream(Type type, Object value, Stream writeStream, HttpContent content, HttpContentHeaders contentHeaders)
   at System.Web.OData.Formatter.ODataMediaTypeFormatter.WriteToStreamAsync(Type type, Object value, Stream writeStream, HttpContent content, TransportContext transportContext, CancellationToken cancellationToken)
--- End of stack trace from previous location where exception was thrown ---
   at System.Runtime.CompilerServices.TaskAwaiter.ThrowForNonSuccess(Task task)
   at System.Runtime.CompilerServices.TaskAwaiter.HandleNonSuccessAndDebuggerNotification(Task task)
   at System.Web.Http.WebHost.HttpControllerHandler.<WriteBufferedResponseContentAsync>d__1b.MoveNext()
2016-01-22 12:33:00.7583|ERROR|WebApi|SELECT "Extent1"."id", "Extent1"."filename", "Extent1"."timestamp", "Extent1"."content", "Extent1"."party", "Extent1"."uploadedby", "Extent1"."version" FROM "ufsa"."lt_file" AS "Extent1" WHERE "Extent1"."party" = (('000060a3445240c699013762403bb429'))
2016-01-22 12:33:27.6181|ERROR|WebApi|System.Data.Entity.Core.EntityCommandExecutionException: An error occurred while executing the command definition. See the inner exception for details. ---> Npgsql.NpgsqlException: ОШИБКА: 42703: колонка Extent1.version не существует
   at Npgsql.NpgsqlState.<ProcessBackendResponses>d__0.MoveNext()
   at Npgsql.ForwardsOnlyDataReader.GetNextResponseObject(Boolean cleanup)
   at Npgsql.ForwardsOnlyDataReader.GetNextRowDescription()
   at Npgsql.ForwardsOnlyDataReader.NextResultInternal()
   at Npgsql.ForwardsOnlyDataReader..ctor(IEnumerable`1 dataEnumeration, CommandBehavior behavior, NpgsqlCommand command, NotificationThreadBlock threadBlock, Boolean preparedStatement, NpgsqlRowDescription rowDescription)
   at Npgsql.NpgsqlCommand.GetReader(CommandBehavior cb)
   at Npgsql.NpgsqlCommand.ExecuteReader(CommandBehavior cb)
   at System.Data.Entity.Infrastructure.Interception.InternalDispatcher`1.Dispatch[TTarget,TInterceptionContext,TResult](TTarget target, Func`3 operation, TInterceptionContext interceptionContext, Action`3 executing, Action`3 executed)
   at System.Data.Entity.Infrastructure.Interception.DbCommandDispatcher.Reader(DbCommand command, DbCommandInterceptionContext interceptionContext)
   at System.Data.Entity.Core.EntityClient.Internal.EntityCommandDefinition.ExecuteStoreCommands(EntityCommand entityCommand, CommandBehavior behavior)
   --- End of inner exception stack trace ---
   at System.Data.Entity.Core.EntityClient.Internal.EntityCommandDefinition.ExecuteStoreCommands(EntityCommand entityCommand, CommandBehavior behavior)
   at System.Data.Entity.Core.Objects.Internal.ObjectQueryExecutionPlan.Execute[TResultType](ObjectContext context, ObjectParameterCollection parameterValues)
   at System.Data.Entity.Core.Objects.ObjectContext.ExecuteInTransaction[T](Func`1 func, IDbExecutionStrategy executionStrategy, Boolean startLocalTransaction, Boolean releaseConnectionOnSuccess)
   at System.Data.Entity.Core.Objects.ObjectQuery`1.<>c__DisplayClass7.<GetResults>b__5()
   at System.Data.Entity.Core.Objects.ObjectQuery`1.GetResults(Nullable`1 forMergeOption)
   at System.Data.Entity.Core.Objects.DataClasses.EntityCollection`1.Load(List`1 collection, MergeOption mergeOption)
   at System.Data.Entity.Core.Objects.DataClasses.RelatedEnd.DeferredLoad()
   at System.Data.Entity.Core.Objects.Internal.LazyLoadBehavior.LoadProperty[TItem](TItem propertyValue, String relationshipName, String targetRoleName, Boolean mustBeNull, Object wrapperObject)
   at System.Data.Entity.Core.Objects.Internal.LazyLoadBehavior.<>c__DisplayClass7`2.<GetInterceptorDelegate>b__1(TProxy proxy, TItem item)
   at System.Data.Entity.DynamicProxies.Person_50F29FAA4219AB8285675CCCFB3B6479999407EE68413B166C904457A5332F7F.get_Files()
   at Luxena.Travel.Domain.Party.get_FileCount() in D:\data\git\Luxena.Travel\src.16\Domain\Entities\Parties\Party.cs:line 91
   at System.Web.Http.Internal.PropertyHelper.CallPropertyGetter[TDeclaringType,TValue](Func`2 getter, Object this)
   at System.Web.OData.Formatter.Serialization.TypedEdmStructuredObject.TryGetPropertyValue(String propertyName, Object& value)
   at System.Web.OData.EntityInstanceContext.GetPropertyValue(String propertyName)
   at System.Web.OData.Formatter.Serialization.ODataEntityTypeSerializer.CreateStructuralProperty(IEdmStructuralProperty structuralProperty, EntityInstanceContext entityInstanceContext)
   at System.Web.OData.Formatter.Serialization.ODataEntityTypeSerializer.CreateStructuralPropertyBag(IEnumerable`1 structuralProperties, EntityInstanceContext entityInstanceContext)
   at System.Web.OData.Formatter.Serialization.ODataEntityTypeSerializer.CreateEntry(SelectExpandNode selectExpandNode, EntityInstanceContext entityInstanceContext)
   at System.Web.OData.Formatter.Serialization.ODataEntityTypeSerializer.WriteEntry(Object graph, ODataWriter writer, ODataSerializerContext writeContext)
   at System.Web.OData.Formatter.Serialization.ODataFeedSerializer.WriteFeed(IEnumerable enumerable, IEdmTypeReference feedType, ODataWriter writer, ODataSerializerContext writeContext)
   at System.Web.OData.Formatter.ODataMediaTypeFormatter.WriteToStream(Type type, Object value, Stream writeStream, HttpContent content, HttpContentHeaders contentHeaders)
   at System.Web.OData.Formatter.ODataMediaTypeFormatter.WriteToStreamAsync(Type type, Object value, Stream writeStream, HttpContent content, TransportContext transportContext, CancellationToken cancellationToken)
--- End of stack trace from previous location where exception was thrown ---
   at System.Runtime.CompilerServices.TaskAwaiter.ThrowForNonSuccess(Task task)
   at System.Runtime.CompilerServices.TaskAwaiter.HandleNonSuccessAndDebuggerNotification(Task task)
   at System.Web.Http.WebHost.HttpControllerHandler.<WriteBufferedResponseContentAsync>d__1b.MoveNext()
2016-01-22 12:33:27.6191|ERROR|WebApi|SELECT "Extent1"."id", "Extent1"."filename", "Extent1"."timestamp", "Extent1"."content", "Extent1"."party", "Extent1"."uploadedby", "Extent1"."version" FROM "ufsa"."lt_file" AS "Extent1" WHERE "Extent1"."party" = (('000060a3445240c699013762403bb429'))
